ERROR - 2025-04-24 00:24:46 --> ErrorException: oci_execute(): ORA-01861: literal does not match format string in C:\Users\USER\HappinessIndexCI\vendor\codeigniter4\framework\system\Database\OCI8\Connection.php:220
Stack trace:
#0 [internal function]: CodeIgniter\Debug\Exceptions->errorHandler()
#1 C:\Users\USER\HappinessIndexCI\vendor\codeigniter4\framework\system\Database\OCI8\Connection.php(220): oci_execute()
#2 C:\Users\USER\HappinessIndexCI\vendor\codeigniter4\framework\system\Database\BaseConnection.php(738): CodeIgniter\Database\OCI8\Connection->execute()
#3 C:\Users\USER\HappinessIndexCI\vendor\codeigniter4\framework\system\Database\BaseConnection.php(652): CodeIgniter\Database\BaseConnection->simpleQuery()
#4 C:\Users\USER\HappinessIndexCI\vendor\codeigniter4\framework\system\Database\BaseBuilder.php(2345): CodeIgniter\Database\BaseConnection->query()
#5 C:\Users\USER\HappinessIndexCI\vendor\codeigniter4\framework\system\Model.php(394): CodeIgniter\Database\BaseBuilder->insert()
#6 C:\Users\USER\HappinessIndexCI\vendor\codeigniter4\framework\system\BaseModel.php(839): CodeIgniter\Model->doInsert()
#7 C:\Users\USER\HappinessIndexCI\vendor\codeigniter4\framework\system\Model.php(800): CodeIgniter\BaseModel->insert()
#8 C:\Users\USER\HappinessIndexCI\app\Controllers\Survey.php(43): CodeIgniter\Model->insert()
#9 C:\Users\USER\HappinessIndexCI\vendor\codeigniter4\framework\system\CodeIgniter.php(933): App\Controllers\Survey->create()
#10 C:\Users\USER\HappinessIndexCI\vendor\codeigniter4\framework\system\CodeIgniter.php(507): CodeIgniter\CodeIgniter->runController()
#11 C:\Users\USER\HappinessIndexCI\vendor\codeigniter4\framework\system\CodeIgniter.php(354): CodeIgniter\CodeIgniter->handleRequest()
#12 C:\Users\USER\HappinessIndexCI\vendor\codeigniter4\framework\system\Boot.php(334): CodeIgniter\CodeIgniter->run()
#13 C:\Users\USER\HappinessIndexCI\vendor\codeigniter4\framework\system\Boot.php(67): CodeIgniter\Boot::runCodeIgniter()
#14 C:\Users\USER\HappinessIndexCI\public\index.php(56): CodeIgniter\Boot::bootWeb()
#15 C:\Users\USER\HappinessIndexCI\vendor\codeigniter4\framework\system\rewrite.php(44): require_once('...')
#16 {main}
ERROR - 2025-04-24 00:25:55 --> ErrorException: oci_execute(): ORA-01400: cannot insert NULL into (&quot;SURVEY_DB&quot;.&quot;SURVEY_SETS&quot;.&quot;USER_ID&quot;) in C:\Users\USER\HappinessIndexCI\vendor\codeigniter4\framework\system\Database\OCI8\Connection.php:220
Stack trace:
#0 [internal function]: CodeIgniter\Debug\Exceptions->errorHandler()
#1 C:\Users\USER\HappinessIndexCI\vendor\codeigniter4\framework\system\Database\OCI8\Connection.php(220): oci_execute()
#2 C:\Users\USER\HappinessIndexCI\vendor\codeigniter4\framework\system\Database\BaseConnection.php(738): CodeIgniter\Database\OCI8\Connection->execute()
#3 C:\Users\USER\HappinessIndexCI\vendor\codeigniter4\framework\system\Database\BaseConnection.php(652): CodeIgniter\Database\BaseConnection->simpleQuery()
#4 C:\Users\USER\HappinessIndexCI\vendor\codeigniter4\framework\system\Database\BaseBuilder.php(2345): CodeIgniter\Database\BaseConnection->query()
#5 C:\Users\USER\HappinessIndexCI\vendor\codeigniter4\framework\system\Model.php(394): CodeIgniter\Database\BaseBuilder->insert()
#6 C:\Users\USER\HappinessIndexCI\vendor\codeigniter4\framework\system\BaseModel.php(839): CodeIgniter\Model->doInsert()
#7 C:\Users\USER\HappinessIndexCI\vendor\codeigniter4\framework\system\Model.php(800): CodeIgniter\BaseModel->insert()
#8 C:\Users\USER\HappinessIndexCI\app\Controllers\Survey.php(43): CodeIgniter\Model->insert()
#9 C:\Users\USER\HappinessIndexCI\vendor\codeigniter4\framework\system\CodeIgniter.php(933): App\Controllers\Survey->create()
#10 C:\Users\USER\HappinessIndexCI\vendor\codeigniter4\framework\system\CodeIgniter.php(507): CodeIgniter\CodeIgniter->runController()
#11 C:\Users\USER\HappinessIndexCI\vendor\codeigniter4\framework\system\CodeIgniter.php(354): CodeIgniter\CodeIgniter->handleRequest()
#12 C:\Users\USER\HappinessIndexCI\vendor\codeigniter4\framework\system\Boot.php(334): CodeIgniter\CodeIgniter->run()
#13 C:\Users\USER\HappinessIndexCI\vendor\codeigniter4\framework\system\Boot.php(67): CodeIgniter\Boot::runCodeIgniter()
#14 C:\Users\USER\HappinessIndexCI\public\index.php(56): CodeIgniter\Boot::bootWeb()
#15 C:\Users\USER\HappinessIndexCI\vendor\codeigniter4\framework\system\rewrite.php(44): require_once('...')
#16 {main}
ERROR - 2025-04-24 00:34:32 --> ErrorException: oci_execute(): ORA-01861: literal does not match format string in C:\Users\USER\HappinessIndexCI\vendor\codeigniter4\framework\system\Database\OCI8\Connection.php:220
Stack trace:
#0 [internal function]: CodeIgniter\Debug\Exceptions->errorHandler()
#1 C:\Users\USER\HappinessIndexCI\vendor\codeigniter4\framework\system\Database\OCI8\Connection.php(220): oci_execute()
#2 C:\Users\USER\HappinessIndexCI\vendor\codeigniter4\framework\system\Database\BaseConnection.php(738): CodeIgniter\Database\OCI8\Connection->execute()
#3 C:\Users\USER\HappinessIndexCI\vendor\codeigniter4\framework\system\Database\BaseConnection.php(652): CodeIgniter\Database\BaseConnection->simpleQuery()
#4 C:\Users\USER\HappinessIndexCI\vendor\codeigniter4\framework\system\Database\BaseBuilder.php(2345): CodeIgniter\Database\BaseConnection->query()
#5 C:\Users\USER\HappinessIndexCI\vendor\codeigniter4\framework\system\Model.php(394): CodeIgniter\Database\BaseBuilder->insert()
#6 C:\Users\USER\HappinessIndexCI\vendor\codeigniter4\framework\system\BaseModel.php(839): CodeIgniter\Model->doInsert()
#7 C:\Users\USER\HappinessIndexCI\vendor\codeigniter4\framework\system\Model.php(800): CodeIgniter\BaseModel->insert()
#8 C:\Users\USER\HappinessIndexCI\app\Controllers\Survey.php(43): CodeIgniter\Model->insert()
#9 C:\Users\USER\HappinessIndexCI\vendor\codeigniter4\framework\system\CodeIgniter.php(933): App\Controllers\Survey->create()
#10 C:\Users\USER\HappinessIndexCI\vendor\codeigniter4\framework\system\CodeIgniter.php(507): CodeIgniter\CodeIgniter->runController()
#11 C:\Users\USER\HappinessIndexCI\vendor\codeigniter4\framework\system\CodeIgniter.php(354): CodeIgniter\CodeIgniter->handleRequest()
#12 C:\Users\USER\HappinessIndexCI\vendor\codeigniter4\framework\system\Boot.php(334): CodeIgniter\CodeIgniter->run()
#13 C:\Users\USER\HappinessIndexCI\vendor\codeigniter4\framework\system\Boot.php(67): CodeIgniter\Boot::runCodeIgniter()
#14 C:\Users\USER\HappinessIndexCI\public\index.php(56): CodeIgniter\Boot::bootWeb()
#15 C:\Users\USER\HappinessIndexCI\vendor\codeigniter4\framework\system\rewrite.php(44): require_once('...')
#16 {main}
CRITICAL - 2025-04-24 00:34:41 --> ErrorException: Undefined array key "id"
[Method: GET, Route: answer]
in APPPATH\Views\answer\index.php on line 14.
 1 APPPATH\Views\answer\index.php(14): CodeIgniter\Debug\Exceptions->errorHandler()
 2 SYSTEMPATH\View\View.php(224): include('C:\\Users\\USER\\HappinessIndexCI\\app\\Views\\answer\\index.php')
 3 SYSTEMPATH\View\View.php(227): CodeIgniter\View\View->{closure:CodeIgniter\View\View::render():221}()
 4 SYSTEMPATH\Common.php(1173): CodeIgniter\View\View->render()
 5 APPPATH\Controllers\Answer.php(11): view()
 6 SYSTEMPATH\CodeIgniter.php(933): App\Controllers\Answer->index()
 7 SYSTEMPATH\CodeIgniter.php(507): CodeIgniter\CodeIgniter->runController()
 8 SYSTEMPATH\CodeIgniter.php(354): CodeIgniter\CodeIgniter->handleRequest()
 9 SYSTEMPATH\Boot.php(334): CodeIgniter\CodeIgniter->run()
10 SYSTEMPATH\Boot.php(67): CodeIgniter\Boot::runCodeIgniter()
11 FCPATH\index.php(56): CodeIgniter\Boot::bootWeb()
12 SYSTEMPATH\rewrite.php(44): require_once('C:\\Users\\USER\\HappinessIndexCI\\public\\index.php')
CRITICAL - 2025-04-24 00:44:06 --> Error: Object of class OCILob could not be converted to string
[Method: GET, Route: answer]
in APPPATH\Views\answer\index.php on line 18.
 1 SYSTEMPATH\View\View.php(224): include()
 2 SYSTEMPATH\View\View.php(227): CodeIgniter\View\View->{closure:CodeIgniter\View\View::render():221}()
 3 SYSTEMPATH\Common.php(1173): CodeIgniter\View\View->render()
 4 APPPATH\Controllers\Answer.php(11): view()
 5 SYSTEMPATH\CodeIgniter.php(933): App\Controllers\Answer->index()
 6 SYSTEMPATH\CodeIgniter.php(507): CodeIgniter\CodeIgniter->runController()
 7 SYSTEMPATH\CodeIgniter.php(354): CodeIgniter\CodeIgniter->handleRequest()
 8 SYSTEMPATH\Boot.php(334): CodeIgniter\CodeIgniter->run()
 9 SYSTEMPATH\Boot.php(67): CodeIgniter\Boot::runCodeIgniter()
10 FCPATH\index.php(56): CodeIgniter\Boot::bootWeb()
11 SYSTEMPATH\rewrite.php(44): require_once('C:\\Users\\USER\\HappinessIndexCI\\public\\index.php')
CRITICAL - 2025-04-24 04:50:28 --> ParseError: syntax error, unexpected token "public", expecting end of file
[Method: GET, Route: /]
in APPPATH\Config\Filters.php on line 71.
 1 VENDORPATH\composer\ClassLoader.php(427): {closure:Composer\Autoload\ClassLoader::initializeIncludeClosure():575}()
 2 [internal function]: Composer\Autoload\ClassLoader->loadClass()
 3 SYSTEMPATH\Config\Factories.php(297): class_exists()
 4 SYSTEMPATH\Config\Factories.php(216): CodeIgniter\Config\Factories::locateClass()
 5 SYSTEMPATH\Config\Factories.php(159): CodeIgniter\Config\Factories::getDefinedInstance()
 6 SYSTEMPATH\Config\Factories.php(188): CodeIgniter\Config\Factories::__callStatic()
 7 SYSTEMPATH\Common.php(210): CodeIgniter\Config\Factories::get()
 8 SYSTEMPATH\Config\Services.php(295): config()
 9 SYSTEMPATH\Config\BaseService.php(312): CodeIgniter\Config\Services::filters()
10 SYSTEMPATH\Config\BaseService.php(251): CodeIgniter\Config\BaseService::__callStatic()
11 SYSTEMPATH\Config\Services.php(292): CodeIgniter\Config\BaseService::getSharedInstance()
12 SYSTEMPATH\Config\BaseService.php(321): CodeIgniter\Config\Services::filters()
13 SYSTEMPATH\CodeIgniter.php(345): CodeIgniter\Config\BaseService::__callStatic()
14 SYSTEMPATH\Boot.php(334): CodeIgniter\CodeIgniter->run()
15 SYSTEMPATH\Boot.php(67): CodeIgniter\Boot::runCodeIgniter()
16 FCPATH\index.php(56): CodeIgniter\Boot::bootWeb()
CRITICAL - 2025-04-24 04:52:24 --> ParseError: syntax error, unexpected token "<", expecting end of file
[Method: GET, Route: /]
in APPPATH\Config\Filters.php on line 3.
 1 VENDORPATH\composer\ClassLoader.php(427): {closure:Composer\Autoload\ClassLoader::initializeIncludeClosure():575}()
 2 [internal function]: Composer\Autoload\ClassLoader->loadClass()
 3 SYSTEMPATH\Config\Factories.php(297): class_exists()
 4 SYSTEMPATH\Config\Factories.php(216): CodeIgniter\Config\Factories::locateClass()
 5 SYSTEMPATH\Config\Factories.php(159): CodeIgniter\Config\Factories::getDefinedInstance()
 6 SYSTEMPATH\Config\Factories.php(188): CodeIgniter\Config\Factories::__callStatic()
 7 SYSTEMPATH\Common.php(210): CodeIgniter\Config\Factories::get()
 8 SYSTEMPATH\Config\Services.php(295): config()
 9 SYSTEMPATH\Config\BaseService.php(312): CodeIgniter\Config\Services::filters()
10 SYSTEMPATH\Config\BaseService.php(251): CodeIgniter\Config\BaseService::__callStatic()
11 SYSTEMPATH\Config\Services.php(292): CodeIgniter\Config\BaseService::getSharedInstance()
12 SYSTEMPATH\Config\BaseService.php(321): CodeIgniter\Config\Services::filters()
13 SYSTEMPATH\CodeIgniter.php(345): CodeIgniter\Config\BaseService::__callStatic()
14 SYSTEMPATH\Boot.php(334): CodeIgniter\CodeIgniter->run()
15 SYSTEMPATH\Boot.php(67): CodeIgniter\Boot::runCodeIgniter()
16 FCPATH\index.php(56): CodeIgniter\Boot::bootWeb()
CRITICAL - 2025-04-24 04:52:55 --> ParseError: syntax error, unexpected token "public", expecting end of file
[Method: GET, Route: /]
in APPPATH\Config\Filters.php on line 91.
 1 VENDORPATH\composer\ClassLoader.php(427): {closure:Composer\Autoload\ClassLoader::initializeIncludeClosure():575}()
 2 [internal function]: Composer\Autoload\ClassLoader->loadClass()
 3 SYSTEMPATH\Config\Factories.php(297): class_exists()
 4 SYSTEMPATH\Config\Factories.php(216): CodeIgniter\Config\Factories::locateClass()
 5 SYSTEMPATH\Config\Factories.php(159): CodeIgniter\Config\Factories::getDefinedInstance()
 6 SYSTEMPATH\Config\Factories.php(188): CodeIgniter\Config\Factories::__callStatic()
 7 SYSTEMPATH\Common.php(210): CodeIgniter\Config\Factories::get()
 8 SYSTEMPATH\Config\Services.php(295): config()
 9 SYSTEMPATH\Config\BaseService.php(312): CodeIgniter\Config\Services::filters()
10 SYSTEMPATH\Config\BaseService.php(251): CodeIgniter\Config\BaseService::__callStatic()
11 SYSTEMPATH\Config\Services.php(292): CodeIgniter\Config\BaseService::getSharedInstance()
12 SYSTEMPATH\Config\BaseService.php(321): CodeIgniter\Config\Services::filters()
13 SYSTEMPATH\CodeIgniter.php(345): CodeIgniter\Config\BaseService::__callStatic()
14 SYSTEMPATH\Boot.php(334): CodeIgniter\CodeIgniter->run()
15 SYSTEMPATH\Boot.php(67): CodeIgniter\Boot::runCodeIgniter()
16 FCPATH\index.php(56): CodeIgniter\Boot::bootWeb()
CRITICAL - 2025-04-24 04:53:53 --> ParseError: syntax error, unexpected token "public", expecting end of file
[Method: GET, Route: /]
in APPPATH\Config\Filters.php on line 90.
 1 VENDORPATH\composer\ClassLoader.php(427): {closure:Composer\Autoload\ClassLoader::initializeIncludeClosure():575}()
 2 [internal function]: Composer\Autoload\ClassLoader->loadClass()
 3 SYSTEMPATH\Config\Factories.php(297): class_exists()
 4 SYSTEMPATH\Config\Factories.php(216): CodeIgniter\Config\Factories::locateClass()
 5 SYSTEMPATH\Config\Factories.php(159): CodeIgniter\Config\Factories::getDefinedInstance()
 6 SYSTEMPATH\Config\Factories.php(188): CodeIgniter\Config\Factories::__callStatic()
 7 SYSTEMPATH\Common.php(210): CodeIgniter\Config\Factories::get()
 8 SYSTEMPATH\Config\Services.php(295): config()
 9 SYSTEMPATH\Config\BaseService.php(312): CodeIgniter\Config\Services::filters()
10 SYSTEMPATH\Config\BaseService.php(251): CodeIgniter\Config\BaseService::__callStatic()
11 SYSTEMPATH\Config\Services.php(292): CodeIgniter\Config\BaseService::getSharedInstance()
12 SYSTEMPATH\Config\BaseService.php(321): CodeIgniter\Config\Services::filters()
13 SYSTEMPATH\CodeIgniter.php(345): CodeIgniter\Config\BaseService::__callStatic()
14 SYSTEMPATH\Boot.php(334): CodeIgniter\CodeIgniter->run()
15 SYSTEMPATH\Boot.php(67): CodeIgniter\Boot::runCodeIgniter()
16 FCPATH\index.php(56): CodeIgniter\Boot::bootWeb()
CRITICAL - 2025-04-24 04:57:58 --> ParseError: syntax error, unexpected token "public", expecting end of file
[Method: GET, Route: /]
in APPPATH\Config\Filters.php on line 90.
 1 VENDORPATH\composer\ClassLoader.php(427): {closure:Composer\Autoload\ClassLoader::initializeIncludeClosure():575}()
 2 [internal function]: Composer\Autoload\ClassLoader->loadClass()
 3 SYSTEMPATH\Config\Factories.php(297): class_exists()
 4 SYSTEMPATH\Config\Factories.php(216): CodeIgniter\Config\Factories::locateClass()
 5 SYSTEMPATH\Config\Factories.php(159): CodeIgniter\Config\Factories::getDefinedInstance()
 6 SYSTEMPATH\Config\Factories.php(188): CodeIgniter\Config\Factories::__callStatic()
 7 SYSTEMPATH\Common.php(210): CodeIgniter\Config\Factories::get()
 8 SYSTEMPATH\Config\Services.php(295): config()
 9 SYSTEMPATH\Config\BaseService.php(312): CodeIgniter\Config\Services::filters()
10 SYSTEMPATH\Config\BaseService.php(251): CodeIgniter\Config\BaseService::__callStatic()
11 SYSTEMPATH\Config\Services.php(292): CodeIgniter\Config\BaseService::getSharedInstance()
12 SYSTEMPATH\Config\BaseService.php(321): CodeIgniter\Config\Services::filters()
13 SYSTEMPATH\CodeIgniter.php(345): CodeIgniter\Config\BaseService::__callStatic()
14 SYSTEMPATH\Boot.php(334): CodeIgniter\CodeIgniter->run()
15 SYSTEMPATH\Boot.php(67): CodeIgniter\Boot::runCodeIgniter()
16 FCPATH\index.php(56): CodeIgniter\Boot::bootWeb()
CRITICAL - 2025-04-24 04:58:31 --> Error: Class "App\Filters\AuthFilter" not found
[Method: GET, Route: survey]
in SYSTEMPATH\Filters\Filters.php on line 299.
 1 SYSTEMPATH\Filters\Filters.php(239): CodeIgniter\Filters\Filters->createFilter()
 2 SYSTEMPATH\Filters\Filters.php(221): CodeIgniter\Filters\Filters->runBefore()
 3 SYSTEMPATH\CodeIgniter.php(479): CodeIgniter\Filters\Filters->run()
 4 SYSTEMPATH\CodeIgniter.php(354): CodeIgniter\CodeIgniter->handleRequest()
 5 SYSTEMPATH\Boot.php(334): CodeIgniter\CodeIgniter->run()
 6 SYSTEMPATH\Boot.php(67): CodeIgniter\Boot::runCodeIgniter()
 7 FCPATH\index.php(56): CodeIgniter\Boot::bootWeb()
 8 SYSTEMPATH\rewrite.php(44): require_once('C:\\Users\\USER\\HappinessIndexCI\\public\\index.php')
CRITICAL - 2025-04-24 05:03:04 --> ErrorException: Namespace declaration statement has to be the very first statement or after any declare call in the script
[Method: GET, Route: auth/login]
in APPPATH\Controllers\Auth.php on line 2.
 1 [internal function]: CodeIgniter\Debug\Exceptions->shutdownHandler()
