CRITICAL - 2025-06-08 08:59:26 --> ParseError: syntax error, unexpected token "public", expecting end of file
[Method: GET, Route: survey]
in APPPATH\Controllers\Survey.php on line 171.
 1 VENDORPATH\composer\ClassLoader.php(427): {closure:Composer\Autoload\ClassLoader::initializeIncludeClosure():575}()
 2 [internal function]: Composer\Autoload\ClassLoader->loadClass()
 3 SYSTEMPATH\CodeIgniter.php(885): class_exists()
 4 SYSTEMPATH\CodeIgniter.php(494): CodeIgniter\CodeIgniter->startController()
 5 SYSTEMPATH\CodeIgniter.php(354): CodeIgniter\CodeIgniter->handleRequest()
 6 SYSTEMPATH\Boot.php(334): CodeIgniter\CodeIgniter->run()
 7 SYSTEMPATH\Boot.php(67): CodeIgniter\Boot::runCodeIgniter()
 8 FCPATH\index.php(56): CodeIgniter\Boot::bootWeb()
 9 SYSTEMPATH\rewrite.php(44): require_once('C:\\Users\\USER\\HappinessIndexCI\\public\\index.php')
CRITICAL - 2025-06-08 08:59:46 --> ParseError: syntax error, unexpected token "public", expecting end of file
[Method: GET, Route: survey]
in APPPATH\Controllers\Survey.php on line 171.
 1 VENDORPATH\composer\ClassLoader.php(427): {closure:Composer\Autoload\ClassLoader::initializeIncludeClosure():575}()
 2 [internal function]: Composer\Autoload\ClassLoader->loadClass()
 3 SYSTEMPATH\CodeIgniter.php(885): class_exists()
 4 SYSTEMPATH\CodeIgniter.php(494): CodeIgniter\CodeIgniter->startController()
 5 SYSTEMPATH\CodeIgniter.php(354): CodeIgniter\CodeIgniter->handleRequest()
 6 SYSTEMPATH\Boot.php(334): CodeIgniter\CodeIgniter->run()
 7 SYSTEMPATH\Boot.php(67): CodeIgniter\Boot::runCodeIgniter()
 8 FCPATH\index.php(56): CodeIgniter\Boot::bootWeb()
 9 SYSTEMPATH\rewrite.php(44): require_once('C:\\Users\\USER\\HappinessIndexCI\\public\\index.php')
CRITICAL - 2025-06-08 09:00:06 --> ParseError: syntax error, unexpected token "public", expecting end of file
[Method: GET, Route: survey]
in APPPATH\Controllers\Survey.php on line 171.
 1 VENDORPATH\composer\ClassLoader.php(427): {closure:Composer\Autoload\ClassLoader::initializeIncludeClosure():575}()
 2 [internal function]: Composer\Autoload\ClassLoader->loadClass()
 3 SYSTEMPATH\CodeIgniter.php(885): class_exists()
 4 SYSTEMPATH\CodeIgniter.php(494): CodeIgniter\CodeIgniter->startController()
 5 SYSTEMPATH\CodeIgniter.php(354): CodeIgniter\CodeIgniter->handleRequest()
 6 SYSTEMPATH\Boot.php(334): CodeIgniter\CodeIgniter->run()
 7 SYSTEMPATH\Boot.php(67): CodeIgniter\Boot::runCodeIgniter()
 8 FCPATH\index.php(56): CodeIgniter\Boot::bootWeb()
 9 SYSTEMPATH\rewrite.php(44): require_once('C:\\Users\\USER\\HappinessIndexCI\\public\\index.php')
CRITICAL - 2025-06-08 09:39:11 --> ErrorException: Undefined variable $survey
[Method: GET, Route: survey]
in APPPATH\Views\survey\index.php on line 32.
 1 APPPATH\Views\survey\index.php(32): CodeIgniter\Debug\Exceptions->errorHandler()
 2 SYSTEMPATH\View\View.php(224): include('C:\\Users\\USER\\HappinessIndexCI\\app\\Views\\survey\\index.php')
 3 SYSTEMPATH\View\View.php(227): CodeIgniter\View\View->{closure:CodeIgniter\View\View::render():221}()
 4 SYSTEMPATH\Common.php(1173): CodeIgniter\View\View->render()
 5 APPPATH\Controllers\Survey.php(72): view()
 6 SYSTEMPATH\CodeIgniter.php(933): App\Controllers\Survey->index()
 7 SYSTEMPATH\CodeIgniter.php(507): CodeIgniter\CodeIgniter->runController()
 8 SYSTEMPATH\CodeIgniter.php(354): CodeIgniter\CodeIgniter->handleRequest()
 9 SYSTEMPATH\Boot.php(334): CodeIgniter\CodeIgniter->run()
10 SYSTEMPATH\Boot.php(67): CodeIgniter\Boot::runCodeIgniter()
11 FCPATH\index.php(56): CodeIgniter\Boot::bootWeb()
12 SYSTEMPATH\rewrite.php(44): require_once('C:\\Users\\USER\\HappinessIndexCI\\public\\index.php')
CRITICAL - 2025-06-08 09:48:23 --> ErrorException: Undefined variable $survey
[Method: GET, Route: survey]
in APPPATH\Views\survey\index.php on line 32.
 1 APPPATH\Views\survey\index.php(32): CodeIgniter\Debug\Exceptions->errorHandler()
 2 SYSTEMPATH\View\View.php(224): include('C:\\Users\\USER\\HappinessIndexCI\\app\\Views\\survey\\index.php')
 3 SYSTEMPATH\View\View.php(227): CodeIgniter\View\View->{closure:CodeIgniter\View\View::render():221}()
 4 SYSTEMPATH\Common.php(1173): CodeIgniter\View\View->render()
 5 APPPATH\Controllers\Survey.php(72): view()
 6 SYSTEMPATH\CodeIgniter.php(933): App\Controllers\Survey->index()
 7 SYSTEMPATH\CodeIgniter.php(507): CodeIgniter\CodeIgniter->runController()
 8 SYSTEMPATH\CodeIgniter.php(354): CodeIgniter\CodeIgniter->handleRequest()
 9 SYSTEMPATH\Boot.php(334): CodeIgniter\CodeIgniter->run()
10 SYSTEMPATH\Boot.php(67): CodeIgniter\Boot::runCodeIgniter()
11 FCPATH\index.php(56): CodeIgniter\Boot::bootWeb()
12 SYSTEMPATH\rewrite.php(44): require_once('C:\\Users\\USER\\HappinessIndexCI\\public\\index.php')
ERROR - 2025-06-08 10:43:09 --> ErrorException: oci_execute(): ORA-01861: literal does not match format string in C:\Users\USER\HappinessIndexCI\vendor\codeigniter4\framework\system\Database\OCI8\Connection.php:220
Stack trace:
#0 [internal function]: CodeIgniter\Debug\Exceptions->errorHandler()
#1 C:\Users\USER\HappinessIndexCI\vendor\codeigniter4\framework\system\Database\OCI8\Connection.php(220): oci_execute()
#2 C:\Users\USER\HappinessIndexCI\vendor\codeigniter4\framework\system\Database\BaseConnection.php(738): CodeIgniter\Database\OCI8\Connection->execute()
#3 C:\Users\USER\HappinessIndexCI\vendor\codeigniter4\framework\system\Database\BaseConnection.php(652): CodeIgniter\Database\BaseConnection->simpleQuery()
#4 C:\Users\USER\HappinessIndexCI\vendor\codeigniter4\framework\system\Database\BaseBuilder.php(2345): CodeIgniter\Database\BaseConnection->query()
#5 C:\Users\USER\HappinessIndexCI\vendor\codeigniter4\framework\system\Model.php(394): CodeIgniter\Database\BaseBuilder->insert()
#6 C:\Users\USER\HappinessIndexCI\vendor\codeigniter4\framework\system\BaseModel.php(839): CodeIgniter\Model->doInsert()
#7 C:\Users\USER\HappinessIndexCI\vendor\codeigniter4\framework\system\Model.php(800): CodeIgniter\BaseModel->insert()
#8 C:\Users\USER\HappinessIndexCI\app\Controllers\Survey.php(78): CodeIgniter\Model->insert()
#9 C:\Users\USER\HappinessIndexCI\vendor\codeigniter4\framework\system\CodeIgniter.php(933): App\Controllers\Survey->create()
#10 C:\Users\USER\HappinessIndexCI\vendor\codeigniter4\framework\system\CodeIgniter.php(507): CodeIgniter\CodeIgniter->runController()
#11 C:\Users\USER\HappinessIndexCI\vendor\codeigniter4\framework\system\CodeIgniter.php(354): CodeIgniter\CodeIgniter->handleRequest()
#12 C:\Users\USER\HappinessIndexCI\vendor\codeigniter4\framework\system\Boot.php(334): CodeIgniter\CodeIgniter->run()
#13 C:\Users\USER\HappinessIndexCI\vendor\codeigniter4\framework\system\Boot.php(67): CodeIgniter\Boot::runCodeIgniter()
#14 C:\Users\USER\HappinessIndexCI\public\index.php(56): CodeIgniter\Boot::bootWeb()
#15 C:\Users\USER\HappinessIndexCI\vendor\codeigniter4\framework\system\rewrite.php(44): require_once('...')
#16 {main}
ERROR - 2025-06-08 11:16:08 --> ErrorException: oci_execute(): ORA-01861: literal does not match format string in C:\Users\USER\HappinessIndexCI\vendor\codeigniter4\framework\system\Database\OCI8\Connection.php:220
Stack trace:
#0 [internal function]: CodeIgniter\Debug\Exceptions->errorHandler()
#1 C:\Users\USER\HappinessIndexCI\vendor\codeigniter4\framework\system\Database\OCI8\Connection.php(220): oci_execute()
#2 C:\Users\USER\HappinessIndexCI\vendor\codeigniter4\framework\system\Database\BaseConnection.php(738): CodeIgniter\Database\OCI8\Connection->execute()
#3 C:\Users\USER\HappinessIndexCI\vendor\codeigniter4\framework\system\Database\BaseConnection.php(652): CodeIgniter\Database\BaseConnection->simpleQuery()
#4 C:\Users\USER\HappinessIndexCI\vendor\codeigniter4\framework\system\Database\BaseBuilder.php(2345): CodeIgniter\Database\BaseConnection->query()
#5 C:\Users\USER\HappinessIndexCI\app\Controllers\Survey.php(59): CodeIgniter\Database\BaseBuilder->insert()
#6 C:\Users\USER\HappinessIndexCI\vendor\codeigniter4\framework\system\CodeIgniter.php(933): App\Controllers\Survey->create()
#7 C:\Users\USER\HappinessIndexCI\vendor\codeigniter4\framework\system\CodeIgniter.php(507): CodeIgniter\CodeIgniter->runController()
#8 C:\Users\USER\HappinessIndexCI\vendor\codeigniter4\framework\system\CodeIgniter.php(354): CodeIgniter\CodeIgniter->handleRequest()
#9 C:\Users\USER\HappinessIndexCI\vendor\codeigniter4\framework\system\Boot.php(334): CodeIgniter\CodeIgniter->run()
#10 C:\Users\USER\HappinessIndexCI\vendor\codeigniter4\framework\system\Boot.php(67): CodeIgniter\Boot::runCodeIgniter()
#11 C:\Users\USER\HappinessIndexCI\public\index.php(56): CodeIgniter\Boot::bootWeb()
#12 C:\Users\USER\HappinessIndexCI\vendor\codeigniter4\framework\system\rewrite.php(44): require_once('...')
#13 {main}
ERROR - 2025-06-08 14:11:03 --> ErrorException: oci_execute(): ORA-00942: table or view does not exist in C:\Users\USER\HappinessIndexCI\vendor\codeigniter4\framework\system\Database\OCI8\Connection.php:220
Stack trace:
#0 [internal function]: CodeIgniter\Debug\Exceptions->errorHandler()
#1 C:\Users\USER\HappinessIndexCI\vendor\codeigniter4\framework\system\Database\OCI8\Connection.php(220): oci_execute()
#2 C:\Users\USER\HappinessIndexCI\vendor\codeigniter4\framework\system\Database\BaseConnection.php(738): CodeIgniter\Database\OCI8\Connection->execute()
#3 C:\Users\USER\HappinessIndexCI\vendor\codeigniter4\framework\system\Database\BaseConnection.php(652): CodeIgniter\Database\BaseConnection->simpleQuery()
#4 C:\Users\USER\HappinessIndexCI\vendor\codeigniter4\framework\system\Database\BaseBuilder.php(1649): CodeIgniter\Database\BaseConnection->query()
#5 C:\Users\USER\HappinessIndexCI\vendor\codeigniter4\framework\system\Model.php(286): CodeIgniter\Database\BaseBuilder->get()
#6 C:\Users\USER\HappinessIndexCI\vendor\codeigniter4\framework\system\BaseModel.php(675): CodeIgniter\Model->doFindAll()
#7 C:\Users\USER\HappinessIndexCI\app\Controllers\User.php(11): CodeIgniter\BaseModel->findAll()
#8 C:\Users\USER\HappinessIndexCI\vendor\codeigniter4\framework\system\CodeIgniter.php(933): App\Controllers\User->index()
#9 C:\Users\USER\HappinessIndexCI\vendor\codeigniter4\framework\system\CodeIgniter.php(507): CodeIgniter\CodeIgniter->runController()
#10 C:\Users\USER\HappinessIndexCI\vendor\codeigniter4\framework\system\CodeIgniter.php(354): CodeIgniter\CodeIgniter->handleRequest()
#11 C:\Users\USER\HappinessIndexCI\vendor\codeigniter4\framework\system\Boot.php(334): CodeIgniter\CodeIgniter->run()
#12 C:\Users\USER\HappinessIndexCI\vendor\codeigniter4\framework\system\Boot.php(67): CodeIgniter\Boot::runCodeIgniter()
#13 C:\Users\USER\HappinessIndexCI\public\index.php(56): CodeIgniter\Boot::bootWeb()
#14 C:\Users\USER\HappinessIndexCI\vendor\codeigniter4\framework\system\rewrite.php(44): require_once('...')
#15 {main}
CRITICAL - 2025-06-08 14:11:03 --> Error: Call to a member function getResult() on false
[Method: GET, Route: user]
in SYSTEMPATH\Model.php on line 287.
 1 SYSTEMPATH\BaseModel.php(675): CodeIgniter\Model->doFindAll()
 2 APPPATH\Controllers\User.php(11): CodeIgniter\BaseModel->findAll()
 3 SYSTEMPATH\CodeIgniter.php(933): App\Controllers\User->index()
 4 SYSTEMPATH\CodeIgniter.php(507): CodeIgniter\CodeIgniter->runController()
 5 SYSTEMPATH\CodeIgniter.php(354): CodeIgniter\CodeIgniter->handleRequest()
 6 SYSTEMPATH\Boot.php(334): CodeIgniter\CodeIgniter->run()
 7 SYSTEMPATH\Boot.php(67): CodeIgniter\Boot::runCodeIgniter()
 8 FCPATH\index.php(56): CodeIgniter\Boot::bootWeb()
 9 SYSTEMPATH\rewrite.php(44): require_once('C:\\Users\\USER\\HappinessIndexCI\\public\\index.php')
ERROR - 2025-06-08 17:25:54 --> ErrorException: oci_execute(): ORA-01843: not a valid month in C:\Users\USER\HappinessIndexCI\vendor\codeigniter4\framework\system\Database\OCI8\Connection.php:220
Stack trace:
#0 [internal function]: CodeIgniter\Debug\Exceptions->errorHandler()
#1 C:\Users\USER\HappinessIndexCI\vendor\codeigniter4\framework\system\Database\OCI8\Connection.php(220): oci_execute()
#2 C:\Users\USER\HappinessIndexCI\vendor\codeigniter4\framework\system\Database\BaseConnection.php(738): CodeIgniter\Database\OCI8\Connection->execute()
#3 C:\Users\USER\HappinessIndexCI\vendor\codeigniter4\framework\system\Database\BaseConnection.php(652): CodeIgniter\Database\BaseConnection->simpleQuery()
#4 C:\Users\USER\HappinessIndexCI\vendor\codeigniter4\framework\system\Database\BaseBuilder.php(2345): CodeIgniter\Database\BaseConnection->query()
#5 C:\Users\USER\HappinessIndexCI\vendor\codeigniter4\framework\system\Model.php(394): CodeIgniter\Database\BaseBuilder->insert()
#6 C:\Users\USER\HappinessIndexCI\vendor\codeigniter4\framework\system\BaseModel.php(839): CodeIgniter\Model->doInsert()
#7 C:\Users\USER\HappinessIndexCI\vendor\codeigniter4\framework\system\Model.php(800): CodeIgniter\BaseModel->insert()
#8 C:\Users\USER\HappinessIndexCI\app\Controllers\Answer.php(100): CodeIgniter\Model->insert()
#9 C:\Users\USER\HappinessIndexCI\vendor\codeigniter4\framework\system\CodeIgniter.php(933): App\Controllers\Answer->saveAnswer()
#10 C:\Users\USER\HappinessIndexCI\vendor\codeigniter4\framework\system\CodeIgniter.php(507): CodeIgniter\CodeIgniter->runController()
#11 C:\Users\USER\HappinessIndexCI\vendor\codeigniter4\framework\system\CodeIgniter.php(354): CodeIgniter\CodeIgniter->handleRequest()
#12 C:\Users\USER\HappinessIndexCI\vendor\codeigniter4\framework\system\Boot.php(334): CodeIgniter\CodeIgniter->run()
#13 C:\Users\USER\HappinessIndexCI\vendor\codeigniter4\framework\system\Boot.php(67): CodeIgniter\Boot::runCodeIgniter()
#14 C:\Users\USER\HappinessIndexCI\public\index.php(56): CodeIgniter\Boot::bootWeb()
#15 C:\Users\USER\HappinessIndexCI\vendor\codeigniter4\framework\system\rewrite.php(44): require_once('...')
#16 {main}
ERROR - 2025-06-08 17:25:54 --> ErrorException: oci_execute(): ORA-01843: not a valid month in C:\Users\USER\HappinessIndexCI\vendor\codeigniter4\framework\system\Database\OCI8\Connection.php:220
Stack trace:
#0 [internal function]: CodeIgniter\Debug\Exceptions->errorHandler()
#1 C:\Users\USER\HappinessIndexCI\vendor\codeigniter4\framework\system\Database\OCI8\Connection.php(220): oci_execute()
#2 C:\Users\USER\HappinessIndexCI\vendor\codeigniter4\framework\system\Database\BaseConnection.php(738): CodeIgniter\Database\OCI8\Connection->execute()
#3 C:\Users\USER\HappinessIndexCI\vendor\codeigniter4\framework\system\Database\BaseConnection.php(652): CodeIgniter\Database\BaseConnection->simpleQuery()
#4 C:\Users\USER\HappinessIndexCI\vendor\codeigniter4\framework\system\Database\BaseBuilder.php(2345): CodeIgniter\Database\BaseConnection->query()
#5 C:\Users\USER\HappinessIndexCI\vendor\codeigniter4\framework\system\Model.php(394): CodeIgniter\Database\BaseBuilder->insert()
#6 C:\Users\USER\HappinessIndexCI\vendor\codeigniter4\framework\system\BaseModel.php(839): CodeIgniter\Model->doInsert()
#7 C:\Users\USER\HappinessIndexCI\vendor\codeigniter4\framework\system\Model.php(800): CodeIgniter\BaseModel->insert()
#8 C:\Users\USER\HappinessIndexCI\app\Controllers\Answer.php(100): CodeIgniter\Model->insert()
#9 C:\Users\USER\HappinessIndexCI\vendor\codeigniter4\framework\system\CodeIgniter.php(933): App\Controllers\Answer->saveAnswer()
#10 C:\Users\USER\HappinessIndexCI\vendor\codeigniter4\framework\system\CodeIgniter.php(507): CodeIgniter\CodeIgniter->runController()
#11 C:\Users\USER\HappinessIndexCI\vendor\codeigniter4\framework\system\CodeIgniter.php(354): CodeIgniter\CodeIgniter->handleRequest()
#12 C:\Users\USER\HappinessIndexCI\vendor\codeigniter4\framework\system\Boot.php(334): CodeIgniter\CodeIgniter->run()
#13 C:\Users\USER\HappinessIndexCI\vendor\codeigniter4\framework\system\Boot.php(67): CodeIgniter\Boot::runCodeIgniter()
#14 C:\Users\USER\HappinessIndexCI\public\index.php(56): CodeIgniter\Boot::bootWeb()
#15 C:\Users\USER\HappinessIndexCI\vendor\codeigniter4\framework\system\rewrite.php(44): require_once('...')
#16 {main}
ERROR - 2025-06-08 17:25:54 --> ErrorException: oci_execute(): ORA-01843: not a valid month in C:\Users\USER\HappinessIndexCI\vendor\codeigniter4\framework\system\Database\OCI8\Connection.php:220
Stack trace:
#0 [internal function]: CodeIgniter\Debug\Exceptions->errorHandler()
#1 C:\Users\USER\HappinessIndexCI\vendor\codeigniter4\framework\system\Database\OCI8\Connection.php(220): oci_execute()
#2 C:\Users\USER\HappinessIndexCI\vendor\codeigniter4\framework\system\Database\BaseConnection.php(738): CodeIgniter\Database\OCI8\Connection->execute()
#3 C:\Users\USER\HappinessIndexCI\vendor\codeigniter4\framework\system\Database\BaseConnection.php(652): CodeIgniter\Database\BaseConnection->simpleQuery()
#4 C:\Users\USER\HappinessIndexCI\vendor\codeigniter4\framework\system\Database\BaseBuilder.php(2345): CodeIgniter\Database\BaseConnection->query()
#5 C:\Users\USER\HappinessIndexCI\vendor\codeigniter4\framework\system\Model.php(394): CodeIgniter\Database\BaseBuilder->insert()
#6 C:\Users\USER\HappinessIndexCI\vendor\codeigniter4\framework\system\BaseModel.php(839): CodeIgniter\Model->doInsert()
#7 C:\Users\USER\HappinessIndexCI\vendor\codeigniter4\framework\system\Model.php(800): CodeIgniter\BaseModel->insert()
#8 C:\Users\USER\HappinessIndexCI\app\Controllers\Answer.php(100): CodeIgniter\Model->insert()
#9 C:\Users\USER\HappinessIndexCI\vendor\codeigniter4\framework\system\CodeIgniter.php(933): App\Controllers\Answer->saveAnswer()
#10 C:\Users\USER\HappinessIndexCI\vendor\codeigniter4\framework\system\CodeIgniter.php(507): CodeIgniter\CodeIgniter->runController()
#11 C:\Users\USER\HappinessIndexCI\vendor\codeigniter4\framework\system\CodeIgniter.php(354): CodeIgniter\CodeIgniter->handleRequest()
#12 C:\Users\USER\HappinessIndexCI\vendor\codeigniter4\framework\system\Boot.php(334): CodeIgniter\CodeIgniter->run()
#13 C:\Users\USER\HappinessIndexCI\vendor\codeigniter4\framework\system\Boot.php(67): CodeIgniter\Boot::runCodeIgniter()
#14 C:\Users\USER\HappinessIndexCI\public\index.php(56): CodeIgniter\Boot::bootWeb()
#15 C:\Users\USER\HappinessIndexCI\vendor\codeigniter4\framework\system\rewrite.php(44): require_once('...')
#16 {main}
ERROR - 2025-06-08 17:25:54 --> ErrorException: oci_execute(): ORA-01843: not a valid month in C:\Users\USER\HappinessIndexCI\vendor\codeigniter4\framework\system\Database\OCI8\Connection.php:220
Stack trace:
#0 [internal function]: CodeIgniter\Debug\Exceptions->errorHandler()
#1 C:\Users\USER\HappinessIndexCI\vendor\codeigniter4\framework\system\Database\OCI8\Connection.php(220): oci_execute()
#2 C:\Users\USER\HappinessIndexCI\vendor\codeigniter4\framework\system\Database\BaseConnection.php(738): CodeIgniter\Database\OCI8\Connection->execute()
#3 C:\Users\USER\HappinessIndexCI\vendor\codeigniter4\framework\system\Database\BaseConnection.php(652): CodeIgniter\Database\BaseConnection->simpleQuery()
#4 C:\Users\USER\HappinessIndexCI\vendor\codeigniter4\framework\system\Database\BaseBuilder.php(2345): CodeIgniter\Database\BaseConnection->query()
#5 C:\Users\USER\HappinessIndexCI\vendor\codeigniter4\framework\system\Model.php(394): CodeIgniter\Database\BaseBuilder->insert()
#6 C:\Users\USER\HappinessIndexCI\vendor\codeigniter4\framework\system\BaseModel.php(839): CodeIgniter\Model->doInsert()
#7 C:\Users\USER\HappinessIndexCI\vendor\codeigniter4\framework\system\Model.php(800): CodeIgniter\BaseModel->insert()
#8 C:\Users\USER\HappinessIndexCI\app\Controllers\Answer.php(100): CodeIgniter\Model->insert()
#9 C:\Users\USER\HappinessIndexCI\vendor\codeigniter4\framework\system\CodeIgniter.php(933): App\Controllers\Answer->saveAnswer()
#10 C:\Users\USER\HappinessIndexCI\vendor\codeigniter4\framework\system\CodeIgniter.php(507): CodeIgniter\CodeIgniter->runController()
#11 C:\Users\USER\HappinessIndexCI\vendor\codeigniter4\framework\system\CodeIgniter.php(354): CodeIgniter\CodeIgniter->handleRequest()
#12 C:\Users\USER\HappinessIndexCI\vendor\codeigniter4\framework\system\Boot.php(334): CodeIgniter\CodeIgniter->run()
#13 C:\Users\USER\HappinessIndexCI\vendor\codeigniter4\framework\system\Boot.php(67): CodeIgniter\Boot::runCodeIgniter()
#14 C:\Users\USER\HappinessIndexCI\public\index.php(56): CodeIgniter\Boot::bootWeb()
#15 C:\Users\USER\HappinessIndexCI\vendor\codeigniter4\framework\system\rewrite.php(44): require_once('...')
#16 {main}
ERROR - 2025-06-08 17:25:54 --> ErrorException: oci_execute(): ORA-01843: not a valid month in C:\Users\USER\HappinessIndexCI\vendor\codeigniter4\framework\system\Database\OCI8\Connection.php:220
Stack trace:
#0 [internal function]: CodeIgniter\Debug\Exceptions->errorHandler()
#1 C:\Users\USER\HappinessIndexCI\vendor\codeigniter4\framework\system\Database\OCI8\Connection.php(220): oci_execute()
#2 C:\Users\USER\HappinessIndexCI\vendor\codeigniter4\framework\system\Database\BaseConnection.php(738): CodeIgniter\Database\OCI8\Connection->execute()
#3 C:\Users\USER\HappinessIndexCI\vendor\codeigniter4\framework\system\Database\BaseConnection.php(652): CodeIgniter\Database\BaseConnection->simpleQuery()
#4 C:\Users\USER\HappinessIndexCI\vendor\codeigniter4\framework\system\Database\BaseBuilder.php(2345): CodeIgniter\Database\BaseConnection->query()
#5 C:\Users\USER\HappinessIndexCI\vendor\codeigniter4\framework\system\Model.php(394): CodeIgniter\Database\BaseBuilder->insert()
#6 C:\Users\USER\HappinessIndexCI\vendor\codeigniter4\framework\system\BaseModel.php(839): CodeIgniter\Model->doInsert()
#7 C:\Users\USER\HappinessIndexCI\vendor\codeigniter4\framework\system\Model.php(800): CodeIgniter\BaseModel->insert()
#8 C:\Users\USER\HappinessIndexCI\app\Controllers\Answer.php(100): CodeIgniter\Model->insert()
#9 C:\Users\USER\HappinessIndexCI\vendor\codeigniter4\framework\system\CodeIgniter.php(933): App\Controllers\Answer->saveAnswer()
#10 C:\Users\USER\HappinessIndexCI\vendor\codeigniter4\framework\system\CodeIgniter.php(507): CodeIgniter\CodeIgniter->runController()
#11 C:\Users\USER\HappinessIndexCI\vendor\codeigniter4\framework\system\CodeIgniter.php(354): CodeIgniter\CodeIgniter->handleRequest()
#12 C:\Users\USER\HappinessIndexCI\vendor\codeigniter4\framework\system\Boot.php(334): CodeIgniter\CodeIgniter->run()
#13 C:\Users\USER\HappinessIndexCI\vendor\codeigniter4\framework\system\Boot.php(67): CodeIgniter\Boot::runCodeIgniter()
#14 C:\Users\USER\HappinessIndexCI\public\index.php(56): CodeIgniter\Boot::bootWeb()
#15 C:\Users\USER\HappinessIndexCI\vendor\codeigniter4\framework\system\rewrite.php(44): require_once('...')
#16 {main}
ERROR - 2025-06-08 17:25:54 --> ErrorException: oci_execute(): ORA-01843: not a valid month in C:\Users\USER\HappinessIndexCI\vendor\codeigniter4\framework\system\Database\OCI8\Connection.php:220
Stack trace:
#0 [internal function]: CodeIgniter\Debug\Exceptions->errorHandler()
#1 C:\Users\USER\HappinessIndexCI\vendor\codeigniter4\framework\system\Database\OCI8\Connection.php(220): oci_execute()
#2 C:\Users\USER\HappinessIndexCI\vendor\codeigniter4\framework\system\Database\BaseConnection.php(738): CodeIgniter\Database\OCI8\Connection->execute()
#3 C:\Users\USER\HappinessIndexCI\vendor\codeigniter4\framework\system\Database\BaseConnection.php(652): CodeIgniter\Database\BaseConnection->simpleQuery()
#4 C:\Users\USER\HappinessIndexCI\vendor\codeigniter4\framework\system\Database\BaseBuilder.php(2345): CodeIgniter\Database\BaseConnection->query()
#5 C:\Users\USER\HappinessIndexCI\vendor\codeigniter4\framework\system\Model.php(394): CodeIgniter\Database\BaseBuilder->insert()
#6 C:\Users\USER\HappinessIndexCI\vendor\codeigniter4\framework\system\BaseModel.php(839): CodeIgniter\Model->doInsert()
#7 C:\Users\USER\HappinessIndexCI\vendor\codeigniter4\framework\system\Model.php(800): CodeIgniter\BaseModel->insert()
#8 C:\Users\USER\HappinessIndexCI\app\Controllers\Answer.php(100): CodeIgniter\Model->insert()
#9 C:\Users\USER\HappinessIndexCI\vendor\codeigniter4\framework\system\CodeIgniter.php(933): App\Controllers\Answer->saveAnswer()
#10 C:\Users\USER\HappinessIndexCI\vendor\codeigniter4\framework\system\CodeIgniter.php(507): CodeIgniter\CodeIgniter->runController()
#11 C:\Users\USER\HappinessIndexCI\vendor\codeigniter4\framework\system\CodeIgniter.php(354): CodeIgniter\CodeIgniter->handleRequest()
#12 C:\Users\USER\HappinessIndexCI\vendor\codeigniter4\framework\system\Boot.php(334): CodeIgniter\CodeIgniter->run()
#13 C:\Users\USER\HappinessIndexCI\vendor\codeigniter4\framework\system\Boot.php(67): CodeIgniter\Boot::runCodeIgniter()
#14 C:\Users\USER\HappinessIndexCI\public\index.php(56): CodeIgniter\Boot::bootWeb()
#15 C:\Users\USER\HappinessIndexCI\vendor\codeigniter4\framework\system\rewrite.php(44): require_once('...')
#16 {main}
ERROR - 2025-06-08 17:25:54 --> ErrorException: oci_execute(): ORA-01843: not a valid month in C:\Users\USER\HappinessIndexCI\vendor\codeigniter4\framework\system\Database\OCI8\Connection.php:220
Stack trace:
#0 [internal function]: CodeIgniter\Debug\Exceptions->errorHandler()
#1 C:\Users\USER\HappinessIndexCI\vendor\codeigniter4\framework\system\Database\OCI8\Connection.php(220): oci_execute()
#2 C:\Users\USER\HappinessIndexCI\vendor\codeigniter4\framework\system\Database\BaseConnection.php(738): CodeIgniter\Database\OCI8\Connection->execute()
#3 C:\Users\USER\HappinessIndexCI\vendor\codeigniter4\framework\system\Database\BaseConnection.php(652): CodeIgniter\Database\BaseConnection->simpleQuery()
#4 C:\Users\USER\HappinessIndexCI\vendor\codeigniter4\framework\system\Database\BaseBuilder.php(2345): CodeIgniter\Database\BaseConnection->query()
#5 C:\Users\USER\HappinessIndexCI\vendor\codeigniter4\framework\system\Model.php(394): CodeIgniter\Database\BaseBuilder->insert()
#6 C:\Users\USER\HappinessIndexCI\vendor\codeigniter4\framework\system\BaseModel.php(839): CodeIgniter\Model->doInsert()
#7 C:\Users\USER\HappinessIndexCI\vendor\codeigniter4\framework\system\Model.php(800): CodeIgniter\BaseModel->insert()
#8 C:\Users\USER\HappinessIndexCI\app\Controllers\Answer.php(100): CodeIgniter\Model->insert()
#9 C:\Users\USER\HappinessIndexCI\vendor\codeigniter4\framework\system\CodeIgniter.php(933): App\Controllers\Answer->saveAnswer()
#10 C:\Users\USER\HappinessIndexCI\vendor\codeigniter4\framework\system\CodeIgniter.php(507): CodeIgniter\CodeIgniter->runController()
#11 C:\Users\USER\HappinessIndexCI\vendor\codeigniter4\framework\system\CodeIgniter.php(354): CodeIgniter\CodeIgniter->handleRequest()
#12 C:\Users\USER\HappinessIndexCI\vendor\codeigniter4\framework\system\Boot.php(334): CodeIgniter\CodeIgniter->run()
#13 C:\Users\USER\HappinessIndexCI\vendor\codeigniter4\framework\system\Boot.php(67): CodeIgniter\Boot::runCodeIgniter()
#14 C:\Users\USER\HappinessIndexCI\public\index.php(56): CodeIgniter\Boot::bootWeb()
#15 C:\Users\USER\HappinessIndexCI\vendor\codeigniter4\framework\system\rewrite.php(44): require_once('...')
#16 {main}
ERROR - 2025-06-08 17:25:54 --> ErrorException: oci_execute(): ORA-01843: not a valid month in C:\Users\USER\HappinessIndexCI\vendor\codeigniter4\framework\system\Database\OCI8\Connection.php:220
Stack trace:
#0 [internal function]: CodeIgniter\Debug\Exceptions->errorHandler()
#1 C:\Users\USER\HappinessIndexCI\vendor\codeigniter4\framework\system\Database\OCI8\Connection.php(220): oci_execute()
#2 C:\Users\USER\HappinessIndexCI\vendor\codeigniter4\framework\system\Database\BaseConnection.php(738): CodeIgniter\Database\OCI8\Connection->execute()
#3 C:\Users\USER\HappinessIndexCI\vendor\codeigniter4\framework\system\Database\BaseConnection.php(652): CodeIgniter\Database\BaseConnection->simpleQuery()
#4 C:\Users\USER\HappinessIndexCI\vendor\codeigniter4\framework\system\Database\BaseBuilder.php(2345): CodeIgniter\Database\BaseConnection->query()
#5 C:\Users\USER\HappinessIndexCI\vendor\codeigniter4\framework\system\Model.php(394): CodeIgniter\Database\BaseBuilder->insert()
#6 C:\Users\USER\HappinessIndexCI\vendor\codeigniter4\framework\system\BaseModel.php(839): CodeIgniter\Model->doInsert()
#7 C:\Users\USER\HappinessIndexCI\vendor\codeigniter4\framework\system\Model.php(800): CodeIgniter\BaseModel->insert()
#8 C:\Users\USER\HappinessIndexCI\app\Controllers\Answer.php(100): CodeIgniter\Model->insert()
#9 C:\Users\USER\HappinessIndexCI\vendor\codeigniter4\framework\system\CodeIgniter.php(933): App\Controllers\Answer->saveAnswer()
#10 C:\Users\USER\HappinessIndexCI\vendor\codeigniter4\framework\system\CodeIgniter.php(507): CodeIgniter\CodeIgniter->runController()
#11 C:\Users\USER\HappinessIndexCI\vendor\codeigniter4\framework\system\CodeIgniter.php(354): CodeIgniter\CodeIgniter->handleRequest()
#12 C:\Users\USER\HappinessIndexCI\vendor\codeigniter4\framework\system\Boot.php(334): CodeIgniter\CodeIgniter->run()
#13 C:\Users\USER\HappinessIndexCI\vendor\codeigniter4\framework\system\Boot.php(67): CodeIgniter\Boot::runCodeIgniter()
#14 C:\Users\USER\HappinessIndexCI\public\index.php(56): CodeIgniter\Boot::bootWeb()
#15 C:\Users\USER\HappinessIndexCI\vendor\codeigniter4\framework\system\rewrite.php(44): require_once('...')
#16 {main}
ERROR - 2025-06-08 17:25:54 --> ErrorException: oci_execute(): ORA-01843: not a valid month in C:\Users\USER\HappinessIndexCI\vendor\codeigniter4\framework\system\Database\OCI8\Connection.php:220
Stack trace:
#0 [internal function]: CodeIgniter\Debug\Exceptions->errorHandler()
#1 C:\Users\USER\HappinessIndexCI\vendor\codeigniter4\framework\system\Database\OCI8\Connection.php(220): oci_execute()
#2 C:\Users\USER\HappinessIndexCI\vendor\codeigniter4\framework\system\Database\BaseConnection.php(738): CodeIgniter\Database\OCI8\Connection->execute()
#3 C:\Users\USER\HappinessIndexCI\vendor\codeigniter4\framework\system\Database\BaseConnection.php(652): CodeIgniter\Database\BaseConnection->simpleQuery()
#4 C:\Users\USER\HappinessIndexCI\vendor\codeigniter4\framework\system\Database\BaseBuilder.php(2345): CodeIgniter\Database\BaseConnection->query()
#5 C:\Users\USER\HappinessIndexCI\vendor\codeigniter4\framework\system\Model.php(394): CodeIgniter\Database\BaseBuilder->insert()
#6 C:\Users\USER\HappinessIndexCI\vendor\codeigniter4\framework\system\BaseModel.php(839): CodeIgniter\Model->doInsert()
#7 C:\Users\USER\HappinessIndexCI\vendor\codeigniter4\framework\system\Model.php(800): CodeIgniter\BaseModel->insert()
#8 C:\Users\USER\HappinessIndexCI\app\Controllers\Answer.php(100): CodeIgniter\Model->insert()
#9 C:\Users\USER\HappinessIndexCI\vendor\codeigniter4\framework\system\CodeIgniter.php(933): App\Controllers\Answer->saveAnswer()
#10 C:\Users\USER\HappinessIndexCI\vendor\codeigniter4\framework\system\CodeIgniter.php(507): CodeIgniter\CodeIgniter->runController()
#11 C:\Users\USER\HappinessIndexCI\vendor\codeigniter4\framework\system\CodeIgniter.php(354): CodeIgniter\CodeIgniter->handleRequest()
#12 C:\Users\USER\HappinessIndexCI\vendor\codeigniter4\framework\system\Boot.php(334): CodeIgniter\CodeIgniter->run()
#13 C:\Users\USER\HappinessIndexCI\vendor\codeigniter4\framework\system\Boot.php(67): CodeIgniter\Boot::runCodeIgniter()
#14 C:\Users\USER\HappinessIndexCI\public\index.php(56): CodeIgniter\Boot::bootWeb()
#15 C:\Users\USER\HappinessIndexCI\vendor\codeigniter4\framework\system\rewrite.php(44): require_once('...')
#16 {main}
ERROR - 2025-06-08 17:25:54 --> ErrorException: oci_execute(): ORA-01843: not a valid month in C:\Users\USER\HappinessIndexCI\vendor\codeigniter4\framework\system\Database\OCI8\Connection.php:220
Stack trace:
#0 [internal function]: CodeIgniter\Debug\Exceptions->errorHandler()
#1 C:\Users\USER\HappinessIndexCI\vendor\codeigniter4\framework\system\Database\OCI8\Connection.php(220): oci_execute()
#2 C:\Users\USER\HappinessIndexCI\vendor\codeigniter4\framework\system\Database\BaseConnection.php(738): CodeIgniter\Database\OCI8\Connection->execute()
#3 C:\Users\USER\HappinessIndexCI\vendor\codeigniter4\framework\system\Database\BaseConnection.php(652): CodeIgniter\Database\BaseConnection->simpleQuery()
#4 C:\Users\USER\HappinessIndexCI\vendor\codeigniter4\framework\system\Database\BaseBuilder.php(2345): CodeIgniter\Database\BaseConnection->query()
#5 C:\Users\USER\HappinessIndexCI\vendor\codeigniter4\framework\system\Model.php(394): CodeIgniter\Database\BaseBuilder->insert()
#6 C:\Users\USER\HappinessIndexCI\vendor\codeigniter4\framework\system\BaseModel.php(839): CodeIgniter\Model->doInsert()
#7 C:\Users\USER\HappinessIndexCI\vendor\codeigniter4\framework\system\Model.php(800): CodeIgniter\BaseModel->insert()
#8 C:\Users\USER\HappinessIndexCI\app\Controllers\Answer.php(100): CodeIgniter\Model->insert()
#9 C:\Users\USER\HappinessIndexCI\vendor\codeigniter4\framework\system\CodeIgniter.php(933): App\Controllers\Answer->saveAnswer()
#10 C:\Users\USER\HappinessIndexCI\vendor\codeigniter4\framework\system\CodeIgniter.php(507): CodeIgniter\CodeIgniter->runController()
#11 C:\Users\USER\HappinessIndexCI\vendor\codeigniter4\framework\system\CodeIgniter.php(354): CodeIgniter\CodeIgniter->handleRequest()
#12 C:\Users\USER\HappinessIndexCI\vendor\codeigniter4\framework\system\Boot.php(334): CodeIgniter\CodeIgniter->run()
#13 C:\Users\USER\HappinessIndexCI\vendor\codeigniter4\framework\system\Boot.php(67): CodeIgniter\Boot::runCodeIgniter()
#14 C:\Users\USER\HappinessIndexCI\public\index.php(56): CodeIgniter\Boot::bootWeb()
#15 C:\Users\USER\HappinessIndexCI\vendor\codeigniter4\framework\system\rewrite.php(44): require_once('...')
#16 {main}
