ERROR - 2025-06-07 18:25:10 --> Error connecting to the database: ErrorException: oci_connect(): ORA-12170: TNS:Connect timeout occurred in C:\Users\USER\HappinessIndexCI\vendor\codeigniter4\framework\system\Database\OCI8\Connection.php:150
Stack trace:
#0 [internal function]: CodeIgniter\Debug\Exceptions->errorHandler()
#1 C:\Users\USER\HappinessIndexCI\vendor\codeigniter4\framework\system\Database\OCI8\Connection.php(150): oci_connect()
#2 C:\Users\USER\HappinessIndexCI\vendor\codeigniter4\framework\system\Database\BaseConnection.php(421): CodeIgniter\Database\OCI8\Connection->connect()
#3 C:\Users\USER\HappinessIndexCI\vendor\codeigniter4\framework\system\Database\BaseConnection.php(620): CodeIgniter\Database\BaseConnection->initialize()
#4 C:\Users\USER\HappinessIndexCI\vendor\codeigniter4\framework\system\Database\BaseBuilder.php(1649): CodeIgniter\Database\BaseConnection->query()
#5 C:\Users\USER\HappinessIndexCI\vendor\codeigniter4\framework\system\Model.php(286): CodeIgniter\Database\BaseBuilder->get()
#6 C:\Users\USER\HappinessIndexCI\vendor\codeigniter4\framework\system\BaseModel.php(675): CodeIgniter\Model->doFindAll()
#7 C:\Users\USER\HappinessIndexCI\app\Controllers\Survey.php(14): CodeIgniter\BaseModel->findAll()
#8 C:\Users\USER\HappinessIndexCI\vendor\codeigniter4\framework\system\CodeIgniter.php(933): App\Controllers\Survey->index()
#9 C:\Users\USER\HappinessIndexCI\vendor\codeigniter4\framework\system\CodeIgniter.php(507): CodeIgniter\CodeIgniter->runController()
#10 C:\Users\USER\HappinessIndexCI\vendor\codeigniter4\framework\system\CodeIgniter.php(354): CodeIgniter\CodeIgniter->handleRequest()
#11 C:\Users\USER\HappinessIndexCI\vendor\codeigniter4\framework\system\Boot.php(334): CodeIgniter\CodeIgniter->run()
#12 C:\Users\USER\HappinessIndexCI\vendor\codeigniter4\framework\system\Boot.php(67): CodeIgniter\Boot::runCodeIgniter()
#13 C:\Users\USER\HappinessIndexCI\public\index.php(56): CodeIgniter\Boot::bootWeb()
#14 C:\Users\USER\HappinessIndexCI\vendor\codeigniter4\framework\system\rewrite.php(44): require_once('...')
#15 {main}
CRITICAL - 2025-06-07 18:25:10 --> CodeIgniter\Database\Exceptions\DatabaseException: Unable to connect to the database.
Main connection [OCI8]: oci_connect(): ORA-12170: TNS:Connect timeout occurred
[Method: GET, Route: survey]
in SYSTEMPATH\Database\BaseConnection.php on line 467.
 1 SYSTEMPATH\Database\BaseConnection.php(620): CodeIgniter\Database\BaseConnection->initialize()
 2 SYSTEMPATH\Database\BaseBuilder.php(1649): CodeIgniter\Database\BaseConnection->query()
 3 SYSTEMPATH\Model.php(286): CodeIgniter\Database\BaseBuilder->get()
 4 SYSTEMPATH\BaseModel.php(675): CodeIgniter\Model->doFindAll()
 5 APPPATH\Controllers\Survey.php(14): CodeIgniter\BaseModel->findAll()
 6 SYSTEMPATH\CodeIgniter.php(933): App\Controllers\Survey->index()
 7 SYSTEMPATH\CodeIgniter.php(507): CodeIgniter\CodeIgniter->runController()
 8 SYSTEMPATH\CodeIgniter.php(354): CodeIgniter\CodeIgniter->handleRequest()
 9 SYSTEMPATH\Boot.php(334): CodeIgniter\CodeIgniter->run()
10 SYSTEMPATH\Boot.php(67): CodeIgniter\Boot::runCodeIgniter()
11 FCPATH\index.php(56): CodeIgniter\Boot::bootWeb()
12 SYSTEMPATH\rewrite.php(44): require_once('C:\\Users\\USER\\HappinessIndexCI\\public\\index.php')
CRITICAL - 2025-06-07 21:45:47 --> ParseError: syntax error, unexpected token "<", expecting "function"
[Method: GET, Route: question]
in APPPATH\Controllers\Question.php on line 9.
 1 VENDORPATH\composer\ClassLoader.php(427): {closure:Composer\Autoload\ClassLoader::initializeIncludeClosure():575}()
 2 [internal function]: Composer\Autoload\ClassLoader->loadClass()
 3 SYSTEMPATH\CodeIgniter.php(885): class_exists()
 4 SYSTEMPATH\CodeIgniter.php(494): CodeIgniter\CodeIgniter->startController()
 5 SYSTEMPATH\CodeIgniter.php(354): CodeIgniter\CodeIgniter->handleRequest()
 6 SYSTEMPATH\Boot.php(334): CodeIgniter\CodeIgniter->run()
 7 SYSTEMPATH\Boot.php(67): CodeIgniter\Boot::runCodeIgniter()
 8 FCPATH\index.php(56): CodeIgniter\Boot::bootWeb()
 9 SYSTEMPATH\rewrite.php(44): require_once('C:\\Users\\USER\\HappinessIndexCI\\public\\index.php')
